{"D:\\Carlos Arango\\Codigo\\DH\\Testing\\Calculadora - UnitTest\\calc.js": {"path":"D:\\Carlos Arango\\Codigo\\DH\\Testing\\Calculadora - UnitTest\\calc.js","statementMap":{"0":{"start":{"line":2,"column":4},"end":{"line":6,"column":5}},"1":{"start":{"line":3,"column":8},"end":{"line":3,"column":17}},"2":{"start":{"line":5,"column":8},"end":{"line":5,"column":19}},"3":{"start":{"line":9,"column":0},"end":{"line":9,"column":22}}},"fnMap":{"0":{"name":"suma","decl":{"start":{"line":1,"column":9},"end":{"line":1,"column":13}},"loc":{"start":{"line":1,"column":20},"end":{"line":7,"column":1}},"line":1}},"branchMap":{"0":{"loc":{"start":{"line":2,"column":4},"end":{"line":6,"column":5}},"type":"if","locations":[{"start":{"line":2,"column":4},"end":{"line":6,"column":5}},{"start":{"line":4,"column":11},"end":{"line":6,"column":5}}],"line":2},"1":{"loc":{"start":{"line":2,"column":7},"end":{"line":2,"column":27}},"type":"binary-expr","locations":[{"start":{"line":2,"column":7},"end":{"line":2,"column":15}},{"start":{"line":2,"column":19},"end":{"line":2,"column":27}}],"line":2}},"s":{"0":4,"1":1,"2":3,"3":1},"f":{"0":4},"b":{"0":[1,3],"1":[4,3]},"_coverageSchema":"1a1c01bbd47fc00a2c39e90264f33305004495a9","hash":"cef2614a95c6468a4ee9633a9cd70a25741c78f9"}
}
